<?xml version="1.0" encoding="UTF-8"?>
<!-- Generated by org.testng.reporters.JUnitReportReporter -->
<testsuite skipped="0" hostname="VIGYAN-L-PC4" name="LoginTestCase" tests="3" failures="0" timestamp="2019-11-05T13:40:46 IST" time="43.890" errors="0">
  <testcase name="addUser" time="38.295" classname="LoginTestCase"/>
  <testcase name="logout" time="1.790" classname="LoginTestCase"/>
  <testcase name="verifyLogin" time="3.805" classname="LoginTestCase"/>
</testsuite> <!-- LoginTestCase -->
