<?xml version="1.0" encoding="UTF-8"?>
<!-- Generated by org.testng.reporters.JUnitReportReporter -->
<testsuite skipped="0" hostname="VIGYAN-L-PC4" name="LoginTestCase" tests="3" failures="0" timestamp="2019-11-06T11:18:24 IST" time="32.460" errors="0">
  <testcase name="logout" time="7.085" classname="LoginTestCase"/>
  <testcase name="verifyLogin" time="8.852" classname="LoginTestCase"/>
  <testcase name="addUser" time="16.523" classname="LoginTestCase"/>
</testsuite> <!-- LoginTestCase -->
